<?xml version="1.0" encoding="UTF-8"?>
<!-- Generated by org.testng.reporters.JUnitReportReporter -->
<testsuite hostname="DESKTOP-D07EGJD" failures="0" tests="4" name="uifeature.AmazonRunnerTest" time="60.276" errors="0" timestamp="2024-04-04T16:49:38 IST" skipped="0">
  <testcase classname="uifeature.AmazonRunnerTest" name="runScenario" time="24.663"/>
  <system-out/>
  <testcase classname="uifeature.AmazonRunnerTest" name="runScenario" time="10.357"/>
  <system-out/>
  <testcase classname="uifeature.AmazonRunnerTest" name="runScenario" time="15.036"/>
  <system-out/>
  <testcase classname="uifeature.AmazonRunnerTest" name="runScenario" time="10.220"/>
  <system-out/>
</testsuite> <!-- uifeature.AmazonRunnerTest -->
