<?xml version="1.0" encoding="UTF-8"?>
<!-- Generated by org.testng.reporters.JUnitReportReporter -->
<testsuite hostname="DESKTOP-D07EGJD" failures="0" tests="4" name="testRunner.AmazonRunnerTest" time="62.171" errors="0" timestamp="2024-04-04T16:54:50 IST" skipped="0">
  <testcase classname="testRunner.AmazonRunnerTest" name="runScenario" time="10.468"/>
  <system-out/>
  <testcase classname="testRunner.AmazonRunnerTest" name="runScenario" time="23.405"/>
  <system-out/>
  <testcase classname="testRunner.AmazonRunnerTest" name="runScenario" time="18.440"/>
  <system-out/>
  <testcase classname="testRunner.AmazonRunnerTest" name="runScenario" time="9.858"/>
  <system-out/>
</testsuite> <!-- testRunner.AmazonRunnerTest -->
